Determining if the pthread_create exist failed with the following output:
Change Dir: /home/costar/ccirm_ws/src/full/comm_ros2_bridge/ros2_ws/build/ros1_bridge_subt/CMakeFiles/CMakeTmp

Run Build Command:"/usr/bin/make" "cmTC_ec13f/fast"
make[3]: Entering directory '/home/costar/ccirm_ws/src/full/comm_ros2_bridge/ros2_ws/build/ros1_bridge_subt/CMakeFiles/CMakeTmp'
/usr/bin/make -f CMakeFiles/cmTC_ec13f.dir/build.make CMakeFiles/cmTC_ec13f.dir/build
make[4]: Entering directory '/home/costar/ccirm_ws/src/full/comm_ros2_bridge/ros2_ws/build/ros1_bridge_subt/CMakeFiles/CMakeTmp'
Building C object CMakeFiles/cmTC_ec13f.dir/CheckSymbolExists.c.o
/usr/bin/cc    -o CMakeFiles/cmTC_ec13f.dir/CheckSymbolExists.c.o   -c /home/costar/ccirm_ws/src/full/comm_ros2_bridge/ros2_ws/build/ros1_bridge_subt/CMakeFiles/CMakeTmp/CheckSymbolExists.c
Linking C executable cmTC_ec13f
/usr/bin/cmake -E cmake_link_script CMakeFiles/cmTC_ec13f.dir/link.txt --verbose=1
/usr/bin/cc      CMakeFiles/cmTC_ec13f.dir/CheckSymbolExists.c.o  -o cmTC_ec13f 
CMakeFiles/cmTC_ec13f.dir/CheckSymbolExists.c.o: In function `main':
CheckSymbolExists.c:(.text+0x1b): undefined reference to `pthread_create'
collect2: error: ld returned 1 exit status
CMakeFiles/cmTC_ec13f.dir/build.make:97: recipe for target 'cmTC_ec13f' failed
make[4]: *** [cmTC_ec13f] Error 1
make[4]: Leaving directory '/home/costar/ccirm_ws/src/full/comm_ros2_bridge/ros2_ws/build/ros1_bridge_subt/CMakeFiles/CMakeTmp'
Makefile:126: recipe for target 'cmTC_ec13f/fast' failed
make[3]: *** [cmTC_ec13f/fast] Error 2
make[3]: Leaving directory '/home/costar/ccirm_ws/src/full/comm_ros2_bridge/ros2_ws/build/ros1_bridge_subt/CMakeFiles/CMakeTmp'

File /home/costar/ccirm_ws/src/full/comm_ros2_bridge/ros2_ws/build/ros1_bridge_subt/CMakeFiles/CMakeTmp/CheckSymbolExists.c:
/* */
#include <pthread.h>

int main(int argc, char** argv)
{
  (void)argv;
#ifndef pthread_create
  return ((int*)(&pthread_create))[argc];
#else
  (void)argc;
  return 0;
#endif
}

Determining if the function pthread_create exists in the pthreads failed with the following output:
Change Dir: /home/costar/ccirm_ws/src/full/comm_ros2_bridge/ros2_ws/build/ros1_bridge_subt/CMakeFiles/CMakeTmp

Run Build Command:"/usr/bin/make" "cmTC_da8ba/fast"
make[3]: Entering directory '/home/costar/ccirm_ws/src/full/comm_ros2_bridge/ros2_ws/build/ros1_bridge_subt/CMakeFiles/CMakeTmp'
/usr/bin/make -f CMakeFiles/cmTC_da8ba.dir/build.make CMakeFiles/cmTC_da8ba.dir/build
make[4]: Entering directory '/home/costar/ccirm_ws/src/full/comm_ros2_bridge/ros2_ws/build/ros1_bridge_subt/CMakeFiles/CMakeTmp'
Building C object CMakeFiles/cmTC_da8ba.dir/CheckFunctionExists.c.o
/usr/bin/cc   -DCHECK_FUNCTION_EXISTS=pthread_create   -o CMakeFiles/cmTC_da8ba.dir/CheckFunctionExists.c.o   -c /usr/share/cmake-3.10/Modules/CheckFunctionExists.c
Linking C executable cmTC_da8ba
/usr/bin/cmake -E cmake_link_script CMakeFiles/cmTC_da8ba.dir/link.txt --verbose=1
/usr/bin/cc  -DCHECK_FUNCTION_EXISTS=pthread_create    CMakeFiles/cmTC_da8ba.dir/CheckFunctionExists.c.o  -o cmTC_da8ba -lpthreads 
/usr/bin/ld: cannot find -lpthreads
collect2: error: ld returned 1 exit status
CMakeFiles/cmTC_da8ba.dir/build.make:97: recipe for target 'cmTC_da8ba' failed
make[4]: *** [cmTC_da8ba] Error 1
make[4]: Leaving directory '/home/costar/ccirm_ws/src/full/comm_ros2_bridge/ros2_ws/build/ros1_bridge_subt/CMakeFiles/CMakeTmp'
Makefile:126: recipe for target 'cmTC_da8ba/fast' failed
make[3]: *** [cmTC_da8ba/fast] Error 2
make[3]: Leaving directory '/home/costar/ccirm_ws/src/full/comm_ros2_bridge/ros2_ws/build/ros1_bridge_subt/CMakeFiles/CMakeTmp'


