[0.033s] Invoking command in '/home/costar/ccirm_ws/src/full/comm_ros2_bridge/ros2_ws/build/ros1_bridge_subt': CMAKE_PREFIX_PATH=/opt/ros/dashing:${CMAKE_PREFIX_PATH} HISTTIMEFORMAT=[%F %T] ~~~ PROMPT_COMMAND=if [ \\$? -ne 0 ]; then ERROR_FLAG=1; else ERROR_FLAG=; fi; promptPWD; history -a; _loghistory; __PREV_HISTCMD=vcs import < workspace_tools/nebula_addition.yaml __PREV_HISTLINE=208677 /usr/bin/cmake --build /home/costar/ccirm_ws/src/full/comm_ros2_bridge/ros2_ws/build/ros1_bridge_subt
[0.058s] make[3]: warning: jobserver unavailable: using -j1.  Add '+' to parent make rule.
[0.315s] [100%] Built target static_bridge
[0.333s] Invoked command in '/home/costar/ccirm_ws/src/full/comm_ros2_bridge/ros2_ws/build/ros1_bridge_subt' returned '0': CMAKE_PREFIX_PATH=/opt/ros/dashing:${CMAKE_PREFIX_PATH} HISTTIMEFORMAT=[%F %T] ~~~ PROMPT_COMMAND=if [ \\$? -ne 0 ]; then ERROR_FLAG=1; else ERROR_FLAG=; fi; promptPWD; history -a; _loghistory; __PREV_HISTCMD=vcs import < workspace_tools/nebula_addition.yaml __PREV_HISTLINE=208677 /usr/bin/cmake --build /home/costar/ccirm_ws/src/full/comm_ros2_bridge/ros2_ws/build/ros1_bridge_subt
[0.374s] Invoking command in '/home/costar/ccirm_ws/src/full/comm_ros2_bridge/ros2_ws/build/ros1_bridge_subt': CMAKE_PREFIX_PATH=/opt/ros/dashing:${CMAKE_PREFIX_PATH} HISTTIMEFORMAT=[%F %T] ~~~ PROMPT_COMMAND=if [ \\$? -ne 0 ]; then ERROR_FLAG=1; else ERROR_FLAG=; fi; promptPWD; history -a; _loghistory; __PREV_HISTCMD=vcs import < workspace_tools/nebula_addition.yaml __PREV_HISTLINE=208677 /usr/bin/cmake --build /home/costar/ccirm_ws/src/full/comm_ros2_bridge/ros2_ws/build/ros1_bridge_subt --target install
[0.394s] make[3]: warning: jobserver unavailable: using -j1.  Add '+' to parent make rule.
[0.484s] [100%] Built target static_bridge
[0.516s] [36mInstall the project...[0m
[0.536s] -- Install configuration: ""
[0.537s] -- Up-to-date: /home/costar/ccirm_ws/src/full/comm_ros2_bridge/ros2_ws/install/ros1_bridge_subt/lib/ros1_bridge_subt/static_bridge
[0.537s] -- Up-to-date: /home/costar/ccirm_ws/src/full/comm_ros2_bridge/ros2_ws/install/ros1_bridge_subt/share/ament_index/resource_index/package_run_dependencies/ros1_bridge_subt
[0.537s] -- Up-to-date: /home/costar/ccirm_ws/src/full/comm_ros2_bridge/ros2_ws/install/ros1_bridge_subt/share/ament_index/resource_index/parent_prefix_path/ros1_bridge_subt
[0.537s] -- Up-to-date: /home/costar/ccirm_ws/src/full/comm_ros2_bridge/ros2_ws/install/ros1_bridge_subt/share/ros1_bridge_subt/environment/ament_prefix_path.sh
[0.537s] -- Up-to-date: /home/costar/ccirm_ws/src/full/comm_ros2_bridge/ros2_ws/install/ros1_bridge_subt/share/ros1_bridge_subt/environment/path.sh
[0.538s] -- Up-to-date: /home/costar/ccirm_ws/src/full/comm_ros2_bridge/ros2_ws/install/ros1_bridge_subt/share/ros1_bridge_subt/local_setup.bash
[0.538s] -- Up-to-date: /home/costar/ccirm_ws/src/full/comm_ros2_bridge/ros2_ws/install/ros1_bridge_subt/share/ros1_bridge_subt/local_setup.sh
[0.538s] -- Up-to-date: /home/costar/ccirm_ws/src/full/comm_ros2_bridge/ros2_ws/install/ros1_bridge_subt/share/ros1_bridge_subt/local_setup.zsh
[0.538s] -- Up-to-date: /home/costar/ccirm_ws/src/full/comm_ros2_bridge/ros2_ws/install/ros1_bridge_subt/share/ament_index/resource_index/packages/ros1_bridge_subt
[0.538s] -- Up-to-date: /home/costar/ccirm_ws/src/full/comm_ros2_bridge/ros2_ws/install/ros1_bridge_subt/share/ros1_bridge_subt/cmake/ros1_bridge_subtConfig.cmake
[0.538s] -- Up-to-date: /home/costar/ccirm_ws/src/full/comm_ros2_bridge/ros2_ws/install/ros1_bridge_subt/share/ros1_bridge_subt/cmake/ros1_bridge_subtConfig-version.cmake
[0.538s] -- Up-to-date: /home/costar/ccirm_ws/src/full/comm_ros2_bridge/ros2_ws/install/ros1_bridge_subt/share/ros1_bridge_subt/package.xml
[0.544s] Invoked command in '/home/costar/ccirm_ws/src/full/comm_ros2_bridge/ros2_ws/build/ros1_bridge_subt' returned '0': CMAKE_PREFIX_PATH=/opt/ros/dashing:${CMAKE_PREFIX_PATH} HISTTIMEFORMAT=[%F %T] ~~~ PROMPT_COMMAND=if [ \\$? -ne 0 ]; then ERROR_FLAG=1; else ERROR_FLAG=; fi; promptPWD; history -a; _loghistory; __PREV_HISTCMD=vcs import < workspace_tools/nebula_addition.yaml __PREV_HISTLINE=208677 /usr/bin/cmake --build /home/costar/ccirm_ws/src/full/comm_ros2_bridge/ros2_ws/build/ros1_bridge_subt --target install
